# JRE version: OpenJDK Runtime Environment Temurin-17.0.11+9 (17.0.11+9) (build 17.0.11+9)
# Java VM: OpenJDK 64-Bit Server VM Temurin-17.0.11+9 (17.0.11+9, mixed mode, emulated-client, tiered, compressed oops, compressed class ptrs, g1 gc, windows-amd64)
GC Precious Log:
 CPUs: 12 total, 12 available
 Memory: 7954M
 Large Page Support: Disabled
 NUMA Support: Disabled
 Compressed Oops: Enabled (32-bit)
 Heap Region Size: 1M
 Heap Min Capacity: 8M
 Heap Initial Capacity: 126M
 Heap Max Capacity: 1G
 Pre-touch: Disabled
 Parallel Workers: 10
 Concurrent Workers: 3
 Concurrent Refinement Workers: 10
 Periodic GC: Disabled
Heap:
 garbage-first heap   total 126976K, used 36995K [0x00000000c0000000, 0x0000000100000000)
  region size 1024K, 1 young (1024K), 0 survivors (0K)
 Metaspace       used 60434K, committed 61184K, reserved 1114112K
  class space    used 7312K, committed 7616K, reserved 1048576K
GC Heap History (20 events):
Event: 2646.390 GC heap before
{Heap before GC invocations=269 (full 254):
 garbage-first heap   total 126976K, used 36995K [0x00000000c0000000, 0x0000000100000000)
  region size 1024K, 1 young (1024K), 0 survivors (0K)
 Metaspace       used 60434K, committed 61184K, reserved 1114112K
  class space    used 7312K, committed 7616K, reserved 1048576K
}
Event: 2646.432 GC heap after
{Heap after GC invocations=270 (full 255):
 garbage-first heap   total 126976K, used 36995K [0x00000000c0000000, 0x0000000100000000)
  region size 1024K, 0 young (0K), 0 survivors (0K)
 Metaspace       used 60434K, committed 61184K, reserved 1114112K
  class space    used 7312K, committed 7616K, reserved 1048576K
}
Event: 2656.564 GC heap before
{Heap before GC invocations=270 (full 255):
 garbage-first heap   total 126976K, used 36995K [0x00000000c0000000, 0x0000000100000000)
  region size 1024K, 1 young (1024K), 0 survivors (0K)
 Metaspace       used 60434K, committed 61184K, reserved 1114112K
  class space    used 7312K, committed 7616K, reserved 1048576K
}
Event: 2656.599 GC heap after
{Heap after GC invocations=271 (full 256):
 garbage-first heap   total 126976K, used 36995K [0x00000000c0000000, 0x0000000100000000)
  region size 1024K, 0 young (0K), 0 survivors (0K)
 Metaspace       used 60434K, committed 61184K, reserved 1114112K
  class space    used 7312K, committed 7616K, reserved 1048576K
}
Event: 2666.737 GC heap before
{Heap before GC invocations=271 (full 256):
 garbage-first heap   total 126976K, used 36995K [0x00000000c0000000, 0x0000000100000000)
  region size 1024K, 1 young (1024K), 0 survivors (0K)
 Metaspace       used 60434K, committed 61184K, reserved 1114112K
  class space    used 7312K, committed 7616K, reserved 1048576K
}
Event: 2666.778 GC heap after
{Heap after GC invocations=272 (full 257):
 garbage-first heap   total 126976K, used 36995K [0x00000000c0000000, 0x0000000100000000)
  region size 1024K, 0 young (0K), 0 survivors (0K)
 Metaspace       used 60434K, committed 61184K, reserved 1114112K
  class space    used 7312K, committed 7616K, reserved 1048576K
}
Event: 2676.910 GC heap before
{Heap before GC invocations=272 (full 257):
 garbage-first heap   total 126976K, used 36995K [0x00000000c0000000, 0x0000000100000000)
  region size 1024K, 1 young (1024K), 0 survivors (0K)
 Metaspace       used 60434K, committed 61184K, reserved 1114112K
  class space    used 7312K, committed 7616K, reserved 1048576K
}
Event: 2676.946 GC heap after
{Heap after GC invocations=273 (full 258):
 garbage-first heap   total 126976K, used 36995K [0x00000000c0000000, 0x0000000100000000)
  region size 1024K, 0 young (0K), 0 survivors (0K)
 Metaspace       used 60434K, committed 61184K, reserved 1114112K
  class space    used 7312K, committed 7616K, reserved 1048576K
}
Event: 2687.098 GC heap before
{Heap before GC invocations=273 (full 258):
 garbage-first heap   total 126976K, used 36995K [0x00000000c0000000, 0x0000000100000000)
  region size 1024K, 1 young (1024K), 0 survivors (0K)
 Metaspace       used 60434K, committed 61184K, reserved 1114112K
  class space    used 7312K, committed 7616K, reserved 1048576K
}
Event: 2687.140 GC heap after
{Heap after GC invocations=274 (full 259):
 garbage-first heap   total 126976K, used 36995K [0x00000000c0000000, 0x0000000100000000)
  region size 1024K, 0 young (0K), 0 survivors (0K)
 Metaspace       used 60434K, committed 61184K, reserved 1114112K
  class space    used 7312K, committed 7616K, reserved 1048576K
}
Event: 2697.286 GC heap before
{Heap before GC invocations=274 (full 259):
 garbage-first heap   total 126976K, used 36995K [0x00000000c0000000, 0x0000000100000000)
  region size 1024K, 1 young (1024K), 0 survivors (0K)
 Metaspace       used 60434K, committed 61184K, reserved 1114112K
  class space    used 7312K, committed 7616K, reserved 1048576K
}
Event: 2697.329 GC heap after
{Heap after GC invocations=275 (full 260):
 garbage-first heap   total 126976K, used 36995K [0x00000000c0000000, 0x0000000100000000)
  region size 1024K, 0 young (0K), 0 survivors (0K)
 Metaspace       used 60434K, committed 61184K, reserved 1114112K
  class space    used 7312K, committed 7616K, reserved 1048576K
}
Event: 2707.461 GC heap before
{Heap before GC invocations=275 (full 260):
 garbage-first heap   total 126976K, used 36995K [0x00000000c0000000, 0x0000000100000000)
  region size 1024K, 1 young (1024K), 0 survivors (0K)
 Metaspace       used 60434K, committed 61184K, reserved 1114112K
  class space    used 7312K, committed 7616K, reserved 1048576K
}
Event: 2707.494 GC heap after
{Heap after GC invocations=276 (full 261):
 garbage-first heap   total 126976K, used 36995K [0x00000000c0000000, 0x0000000100000000)
  region size 1024K, 0 young (0K), 0 survivors (0K)
 Metaspace       used 60434K, committed 61184K, reserved 1114112K
  class space    used 7312K, committed 7616K, reserved 1048576K
}
Event: 2717.616 GC heap before
{Heap before GC invocations=276 (full 261):
 garbage-first heap   total 126976K, used 36995K [0x00000000c0000000, 0x0000000100000000)
  region size 1024K, 1 young (1024K), 0 survivors (0K)
 Metaspace       used 60434K, committed 61184K, reserved 1114112K
  class space    used 7312K, committed 7616K, reserved 1048576K
}
Event: 2717.651 GC heap after
{Heap after GC invocations=277 (full 262):
 garbage-first heap   total 126976K, used 36995K [0x00000000c0000000, 0x0000000100000000)
  region size 1024K, 0 young (0K), 0 survivors (0K)
 Metaspace       used 60434K, committed 61184K, reserved 1114112K
  class space    used 7312K, committed 7616K, reserved 1048576K
}
Event: 2727.789 GC heap before
{Heap before GC invocations=277 (full 262):
 garbage-first heap   total 126976K, used 36995K [0x00000000c0000000, 0x0000000100000000)
  region size 1024K, 1 young (1024K), 0 survivors (0K)
 Metaspace       used 60434K, committed 61184K, reserved 1114112K
  class space    used 7312K, committed 7616K, reserved 1048576K
}
Event: 2727.824 GC heap after
{Heap after GC invocations=278 (full 263):
 garbage-first heap   total 126976K, used 36995K [0x00000000c0000000, 0x0000000100000000)
  region size 1024K, 0 young (0K), 0 survivors (0K)
 Metaspace       used 60434K, committed 61184K, reserved 1114112K
  class space    used 7312K, committed 7616K, reserved 1048576K
}
Event: 2737.943 GC heap before
{Heap before GC invocations=278 (full 263):
 garbage-first heap   total 126976K, used 36995K [0x00000000c0000000, 0x0000000100000000)
  region size 1024K, 1 young (1024K), 0 survivors (0K)
 Metaspace       used 60434K, committed 61184K, reserved 1114112K
  class space    used 7312K, committed 7616K, reserved 1048576K
}
Event: 2737.977 GC heap after
{Heap after GC invocations=279 (full 264):
 garbage-first heap   total 126976K, used 36995K [0x00000000c0000000, 0x0000000100000000)
  region size 1024K, 0 young (0K), 0 survivors (0K)
 Metaspace       used 60434K, committed 61184K, reserved 1114112K
  class space    used 7312K, committed 7616K, reserved 1048576K
}

