# JRE version: OpenJDK Runtime Environment Temurin-17.0.11+9 (17.0.11+9) (build 17.0.11+9)
# Java VM: OpenJDK 64-Bit Server VM Temurin-17.0.11+9 (17.0.11+9, mixed mode, emulated-client, tiered, compressed oops, compressed class ptrs, g1 gc, windows-amd64)
GC Precious Log:
 CPUs: 12 total, 12 available
 Memory: 7563M
 Large Page Support: Disabled
 NUMA Support: Disabled
 Compressed Oops: Enabled (32-bit)
 Heap Region Size: 1M
 Heap Min Capacity: 8M
 Heap Initial Capacity: 120M
 Heap Max Capacity: 1G
 Pre-touch: Disabled
 Parallel Workers: 10
 Concurrent Workers: 3
 Concurrent Refinement Workers: 10
 Periodic GC: Disabled
Heap:
 garbage-first heap   total 97280K, used 45419K [0x00000000c0000000, 0x0000000100000000)
  region size 1024K, 1 young (1024K), 0 survivors (0K)
 Metaspace       used 62582K, committed 63104K, reserved 1114112K
  class space    used 7746K, committed 8000K, reserved 1048576K
GC Heap History (20 events):
Event: 19.110 GC heap before
{Heap before GC invocations=11 (full 0):
 garbage-first heap   total 71680K, used 53541K [0x00000000c0000000, 0x0000000100000000)
  region size 1024K, 25 young (25600K), 1 survivors (1024K)
 Metaspace       used 43861K, committed 44224K, reserved 1114112K
  class space    used 5520K, committed 5696K, reserved 1048576K
}
Event: 19.118 GC heap after
{Heap after GC invocations=12 (full 0):
 garbage-first heap   total 71680K, used 32062K [0x00000000c0000000, 0x0000000100000000)
  region size 1024K, 3 young (3072K), 3 survivors (3072K)
 Metaspace       used 43861K, committed 44224K, reserved 1114112K
  class space    used 5520K, committed 5696K, reserved 1048576K
}
Event: 19.821 GC heap before
{Heap before GC invocations=12 (full 0):
 garbage-first heap   total 71680K, used 55614K [0x00000000c0000000, 0x0000000100000000)
  region size 1024K, 25 young (25600K), 3 survivors (3072K)
 Metaspace       used 47163K, committed 47680K, reserved 1114112K
  class space    used 5760K, committed 6016K, reserved 1048576K
}
Event: 19.829 GC heap after
{Heap after GC invocations=13 (full 0):
 garbage-first heap   total 71680K, used 38183K [0x00000000c0000000, 0x0000000100000000)
  region size 1024K, 4 young (4096K), 4 survivors (4096K)
 Metaspace       used 47163K, committed 47680K, reserved 1114112K
  class space    used 5760K, committed 6016K, reserved 1048576K
}
Event: 20.118 GC heap before
{Heap before GC invocations=13 (full 0):
 garbage-first heap   total 71680K, used 53543K [0x00000000c0000000, 0x0000000100000000)
  region size 1024K, 20 young (20480K), 4 survivors (4096K)
 Metaspace       used 50180K, committed 50624K, reserved 1114112K
  class space    used 6053K, committed 6272K, reserved 1048576K
}
Event: 20.124 GC heap after
{Heap after GC invocations=14 (full 0):
 garbage-first heap   total 86016K, used 40714K [0x00000000c0000000, 0x0000000100000000)
  region size 1024K, 3 young (3072K), 3 survivors (3072K)
 Metaspace       used 50180K, committed 50624K, reserved 1114112K
  class space    used 6053K, committed 6272K, reserved 1048576K
}
Event: 20.547 GC heap before
{Heap before GC invocations=15 (full 0):
 garbage-first heap   total 86016K, used 62218K [0x00000000c0000000, 0x0000000100000000)
  region size 1024K, 25 young (25600K), 3 survivors (3072K)
 Metaspace       used 53107K, committed 53632K, reserved 1114112K
  class space    used 6417K, committed 6656K, reserved 1048576K
}
Event: 20.552 GC heap after
{Heap after GC invocations=16 (full 0):
 garbage-first heap   total 86016K, used 42119K [0x00000000c0000000, 0x0000000100000000)
  region size 1024K, 2 young (2048K), 2 survivors (2048K)
 Metaspace       used 53107K, committed 53632K, reserved 1114112K
  class space    used 6417K, committed 6656K, reserved 1048576K
}
Event: 21.021 GC heap before
{Heap before GC invocations=16 (full 0):
 garbage-first heap   total 86016K, used 63623K [0x00000000c0000000, 0x0000000100000000)
  region size 1024K, 24 young (24576K), 2 survivors (2048K)
 Metaspace       used 57247K, committed 57792K, reserved 1114112K
  class space    used 6924K, committed 7168K, reserved 1048576K
}
Event: 21.027 GC heap after
{Heap after GC invocations=17 (full 0):
 garbage-first heap   total 86016K, used 44330K [0x00000000c0000000, 0x0000000100000000)
  region size 1024K, 3 young (3072K), 3 survivors (3072K)
 Metaspace       used 57247K, committed 57792K, reserved 1114112K
  class space    used 6924K, committed 7168K, reserved 1048576K
}
Event: 21.490 GC heap before
{Heap before GC invocations=18 (full 0):
 garbage-first heap   total 91136K, used 64810K [0x00000000c0000000, 0x0000000100000000)
  region size 1024K, 24 young (24576K), 3 survivors (3072K)
 Metaspace       used 58832K, committed 59328K, reserved 1114112K
  class space    used 7111K, committed 7360K, reserved 1048576K
}
Event: 21.499 GC heap after
{Heap after GC invocations=19 (full 0):
 garbage-first heap   total 91136K, used 47134K [0x00000000c0000000, 0x0000000100000000)
  region size 1024K, 3 young (3072K), 3 survivors (3072K)
 Metaspace       used 58832K, committed 59328K, reserved 1114112K
  class space    used 7111K, committed 7360K, reserved 1048576K
}
Event: 22.722 GC heap before
{Heap before GC invocations=19 (full 0):
 garbage-first heap   total 91136K, used 69662K [0x00000000c0000000, 0x0000000100000000)
  region size 1024K, 26 young (26624K), 3 survivors (3072K)
 Metaspace       used 60049K, committed 60544K, reserved 1114112K
  class space    used 7248K, committed 7488K, reserved 1048576K
}
Event: 22.728 GC heap after
{Heap after GC invocations=20 (full 0):
 garbage-first heap   total 91136K, used 50075K [0x00000000c0000000, 0x0000000100000000)
  region size 1024K, 4 young (4096K), 4 survivors (4096K)
 Metaspace       used 60049K, committed 60544K, reserved 1114112K
  class space    used 7248K, committed 7488K, reserved 1048576K
}
Event: 23.469 GC heap before
{Heap before GC invocations=21 (full 0):
 garbage-first heap   total 91136K, used 71579K [0x00000000c0000000, 0x0000000100000000)
  region size 1024K, 25 young (25600K), 4 survivors (4096K)
 Metaspace       used 61986K, committed 62464K, reserved 1114112K
  class space    used 7637K, committed 7872K, reserved 1048576K
}
Event: 23.475 GC heap after
{Heap after GC invocations=22 (full 0):
 garbage-first heap   total 91136K, used 52564K [0x00000000c0000000, 0x0000000100000000)
  region size 1024K, 3 young (3072K), 3 survivors (3072K)
 Metaspace       used 61986K, committed 62464K, reserved 1114112K
  class space    used 7637K, committed 7872K, reserved 1048576K
}
Event: 23.757 GC heap before
{Heap before GC invocations=22 (full 0):
 garbage-first heap   total 91136K, used 73044K [0x00000000c0000000, 0x0000000100000000)
  region size 1024K, 23 young (23552K), 3 survivors (3072K)
 Metaspace       used 62203K, committed 62720K, reserved 1114112K
  class space    used 7661K, committed 7936K, reserved 1048576K
}
Event: 23.762 GC heap after
{Heap after GC invocations=23 (full 0):
 garbage-first heap   total 91136K, used 54435K [0x00000000c0000000, 0x0000000100000000)
  region size 1024K, 2 young (2048K), 2 survivors (2048K)
 Metaspace       used 62203K, committed 62720K, reserved 1114112K
  class space    used 7661K, committed 7936K, reserved 1048576K
}
Event: 57.664 GC heap before
{Heap before GC invocations=24 (full 0):
 garbage-first heap   total 97280K, used 68771K [0x00000000c0000000, 0x0000000100000000)
  region size 1024K, 17 young (17408K), 2 survivors (2048K)
 Metaspace       used 62582K, committed 63104K, reserved 1114112K
  class space    used 7746K, committed 8000K, reserved 1048576K
}
Event: 57.709 GC heap after
{Heap after GC invocations=25 (full 1):
 garbage-first heap   total 97280K, used 45419K [0x00000000c0000000, 0x0000000100000000)
  region size 1024K, 0 young (0K), 0 survivors (0K)
 Metaspace       used 62582K, committed 63104K, reserved 1114112K
  class space    used 7746K, committed 8000K, reserved 1048576K
}

