# JRE version: OpenJDK Runtime Environment Temurin-17.0.12+7 (17.0.12+7) (build 17.0.12+7)
# Java VM: OpenJDK 64-Bit Server VM Temurin-17.0.12+7 (17.0.12+7, mixed mode, emulated-client, tiered, compressed oops, compressed class ptrs, g1 gc, windows-amd64)
GC Precious Log:
 CPUs: 4 total, 4 available
 Memory: 16264M
 Large Page Support: Disabled
 NUMA Support: Disabled
 Compressed Oops: Enabled (32-bit)
 Heap Region Size: 1M
 Heap Min Capacity: 8M
 Heap Initial Capacity: 256M
 Heap Max Capacity: 1G
 Pre-touch: Disabled
 Parallel Workers: 4
 Concurrent Workers: 1
 Concurrent Refinement Workers: 4
 Periodic GC: Disabled
Heap:
 garbage-first heap   total 78848K, used 25311K [0x00000000c0000000, 0x0000000100000000)
  region size 1024K, 1 young (1024K), 0 survivors (0K)
 Metaspace       used 40951K, committed 41536K, reserved 1114112K
  class space    used 5236K, committed 5504K, reserved 1048576K
GC Heap History (20 events):
Event: 8751.808 GC heap after
{Heap after GC invocations=773 (full 763):
 garbage-first heap   total 78848K, used 25311K [0x00000000c0000000, 0x0000000100000000)
  region size 1024K, 0 young (0K), 0 survivors (0K)
 Metaspace       used 40951K, committed 41536K, reserved 1114112K
  class space    used 5236K, committed 5504K, reserved 1048576K
}
Event: 8761.976 GC heap before
{Heap before GC invocations=773 (full 763):
 garbage-first heap   total 78848K, used 25311K [0x00000000c0000000, 0x0000000100000000)
  region size 1024K, 1 young (1024K), 0 survivors (0K)
 Metaspace       used 40951K, committed 41536K, reserved 1114112K
  class space    used 5236K, committed 5504K, reserved 1048576K
}
Event: 8762.002 GC heap after
{Heap after GC invocations=774 (full 764):
 garbage-first heap   total 78848K, used 25311K [0x00000000c0000000, 0x0000000100000000)
  region size 1024K, 0 young (0K), 0 survivors (0K)
 Metaspace       used 40951K, committed 41536K, reserved 1114112K
  class space    used 5236K, committed 5504K, reserved 1048576K
}
Event: 8772.163 GC heap before
{Heap before GC invocations=774 (full 764):
 garbage-first heap   total 78848K, used 25311K [0x00000000c0000000, 0x0000000100000000)
  region size 1024K, 1 young (1024K), 0 survivors (0K)
 Metaspace       used 40951K, committed 41536K, reserved 1114112K
  class space    used 5236K, committed 5504K, reserved 1048576K
}
Event: 8772.190 GC heap after
{Heap after GC invocations=775 (full 765):
 garbage-first heap   total 78848K, used 25311K [0x00000000c0000000, 0x0000000100000000)
  region size 1024K, 0 young (0K), 0 survivors (0K)
 Metaspace       used 40951K, committed 41536K, reserved 1114112K
  class space    used 5236K, committed 5504K, reserved 1048576K
}
Event: 8782.379 GC heap before
{Heap before GC invocations=775 (full 765):
 garbage-first heap   total 78848K, used 25311K [0x00000000c0000000, 0x0000000100000000)
  region size 1024K, 1 young (1024K), 0 survivors (0K)
 Metaspace       used 40951K, committed 41536K, reserved 1114112K
  class space    used 5236K, committed 5504K, reserved 1048576K
}
Event: 8782.412 GC heap after
{Heap after GC invocations=776 (full 766):
 garbage-first heap   total 78848K, used 25311K [0x00000000c0000000, 0x0000000100000000)
  region size 1024K, 0 young (0K), 0 survivors (0K)
 Metaspace       used 40951K, committed 41536K, reserved 1114112K
  class space    used 5236K, committed 5504K, reserved 1048576K
}
Event: 8823.020 GC heap before
{Heap before GC invocations=776 (full 766):
 garbage-first heap   total 78848K, used 25311K [0x00000000c0000000, 0x0000000100000000)
  region size 1024K, 1 young (1024K), 0 survivors (0K)
 Metaspace       used 40951K, committed 41536K, reserved 1114112K
  class space    used 5236K, committed 5504K, reserved 1048576K
}
Event: 8823.055 GC heap after
{Heap after GC invocations=777 (full 767):
 garbage-first heap   total 78848K, used 25311K [0x00000000c0000000, 0x0000000100000000)
  region size 1024K, 0 young (0K), 0 survivors (0K)
 Metaspace       used 40951K, committed 41536K, reserved 1114112K
  class space    used 5236K, committed 5504K, reserved 1048576K
}
Event: 8833.396 GC heap before
{Heap before GC invocations=777 (full 767):
 garbage-first heap   total 78848K, used 25311K [0x00000000c0000000, 0x0000000100000000)
  region size 1024K, 1 young (1024K), 0 survivors (0K)
 Metaspace       used 40951K, committed 41536K, reserved 1114112K
  class space    used 5236K, committed 5504K, reserved 1048576K
}
Event: 8833.428 GC heap after
{Heap after GC invocations=778 (full 768):
 garbage-first heap   total 78848K, used 25311K [0x00000000c0000000, 0x0000000100000000)
  region size 1024K, 0 young (0K), 0 survivors (0K)
 Metaspace       used 40951K, committed 41536K, reserved 1114112K
  class space    used 5236K, committed 5504K, reserved 1048576K
}
Event: 8844.517 GC heap before
{Heap before GC invocations=778 (full 768):
 garbage-first heap   total 78848K, used 25311K [0x00000000c0000000, 0x0000000100000000)
  region size 1024K, 1 young (1024K), 0 survivors (0K)
 Metaspace       used 40951K, committed 41536K, reserved 1114112K
  class space    used 5236K, committed 5504K, reserved 1048576K
}
Event: 8844.547 GC heap after
{Heap after GC invocations=779 (full 769):
 garbage-first heap   total 78848K, used 25311K [0x00000000c0000000, 0x0000000100000000)
  region size 1024K, 0 young (0K), 0 survivors (0K)
 Metaspace       used 40951K, committed 41536K, reserved 1114112K
  class space    used 5236K, committed 5504K, reserved 1048576K
}
Event: 8855.659 GC heap before
{Heap before GC invocations=779 (full 769):
 garbage-first heap   total 78848K, used 25311K [0x00000000c0000000, 0x0000000100000000)
  region size 1024K, 1 young (1024K), 0 survivors (0K)
 Metaspace       used 40951K, committed 41536K, reserved 1114112K
  class space    used 5236K, committed 5504K, reserved 1048576K
}
Event: 8855.693 GC heap after
{Heap after GC invocations=780 (full 770):
 garbage-first heap   total 78848K, used 25311K [0x00000000c0000000, 0x0000000100000000)
  region size 1024K, 0 young (0K), 0 survivors (0K)
 Metaspace       used 40951K, committed 41536K, reserved 1114112K
  class space    used 5236K, committed 5504K, reserved 1048576K
}
Event: 8866.079 GC heap before
{Heap before GC invocations=780 (full 770):
 garbage-first heap   total 78848K, used 25311K [0x00000000c0000000, 0x0000000100000000)
  region size 1024K, 1 young (1024K), 0 survivors (0K)
 Metaspace       used 40951K, committed 41536K, reserved 1114112K
  class space    used 5236K, committed 5504K, reserved 1048576K
}
Event: 8866.113 GC heap after
{Heap after GC invocations=781 (full 771):
 garbage-first heap   total 78848K, used 25311K [0x00000000c0000000, 0x0000000100000000)
  region size 1024K, 0 young (0K), 0 survivors (0K)
 Metaspace       used 40951K, committed 41536K, reserved 1114112K
  class space    used 5236K, committed 5504K, reserved 1048576K
}
Event: 8884.494 GC heap before
{Heap before GC invocations=781 (full 771):
 garbage-first heap   total 78848K, used 25311K [0x00000000c0000000, 0x0000000100000000)
  region size 1024K, 1 young (1024K), 0 survivors (0K)
 Metaspace       used 40951K, committed 41536K, reserved 1114112K
  class space    used 5236K, committed 5504K, reserved 1048576K
}
Event: 8884.526 GC heap after
{Heap after GC invocations=782 (full 772):
 garbage-first heap   total 78848K, used 25311K [0x00000000c0000000, 0x0000000100000000)
  region size 1024K, 0 young (0K), 0 survivors (0K)
 Metaspace       used 40951K, committed 41536K, reserved 1114112K
  class space    used 5236K, committed 5504K, reserved 1048576K
}
Event: 8896.895 GC heap before
{Heap before GC invocations=782 (full 772):
 garbage-first heap   total 78848K, used 25311K [0x00000000c0000000, 0x0000000100000000)
  region size 1024K, 1 young (1024K), 0 survivors (0K)
 Metaspace       used 40951K, committed 41536K, reserved 1114112K
  class space    used 5236K, committed 5504K, reserved 1048576K
}

