# JRE version: OpenJDK Runtime Environment Temurin-17.0.11+9 (17.0.11+9) (build 17.0.11+9)
# Java VM: OpenJDK 64-Bit Server VM Temurin-17.0.11+9 (17.0.11+9, mixed mode, emulated-client, tiered, compressed oops, compressed class ptrs, g1 gc, windows-amd64)
GC Precious Log:
 CPUs: 4 total, 4 available
 Memory: 16264M
 Large Page Support: Disabled
 NUMA Support: Disabled
 Compressed Oops: Enabled (32-bit)
 Heap Region Size: 1M
 Heap Min Capacity: 8M
 Heap Initial Capacity: 256M
 Heap Max Capacity: 1G
 Pre-touch: Disabled
 Parallel Workers: 4
 Concurrent Workers: 1
 Concurrent Refinement Workers: 4
 Periodic GC: Disabled
Heap:
 garbage-first heap   total 78848K, used 25460K [0x00000000c0000000, 0x0000000100000000)
  region size 1024K, 1 young (1024K), 0 survivors (0K)
 Metaspace       used 41640K, committed 42176K, reserved 1114112K
  class space    used 5339K, committed 5568K, reserved 1048576K
GC Heap History (20 events):
Event: 3579.091 GC heap before
{Heap before GC invocations=347 (full 337):
 garbage-first heap   total 78848K, used 25460K [0x00000000c0000000, 0x0000000100000000)
  region size 1024K, 1 young (1024K), 0 survivors (0K)
 Metaspace       used 41640K, committed 42176K, reserved 1114112K
  class space    used 5339K, committed 5568K, reserved 1048576K
}
Event: 3579.124 GC heap after
{Heap after GC invocations=348 (full 338):
 garbage-first heap   total 78848K, used 25460K [0x00000000c0000000, 0x0000000100000000)
  region size 1024K, 0 young (0K), 0 survivors (0K)
 Metaspace       used 41640K, committed 42176K, reserved 1114112K
  class space    used 5339K, committed 5568K, reserved 1048576K
}
Event: 3589.320 GC heap before
{Heap before GC invocations=348 (full 338):
 garbage-first heap   total 78848K, used 25460K [0x00000000c0000000, 0x0000000100000000)
  region size 1024K, 1 young (1024K), 0 survivors (0K)
 Metaspace       used 41640K, committed 42176K, reserved 1114112K
  class space    used 5339K, committed 5568K, reserved 1048576K
}
Event: 3589.351 GC heap after
{Heap after GC invocations=349 (full 339):
 garbage-first heap   total 78848K, used 25460K [0x00000000c0000000, 0x0000000100000000)
  region size 1024K, 0 young (0K), 0 survivors (0K)
 Metaspace       used 41640K, committed 42176K, reserved 1114112K
  class space    used 5339K, committed 5568K, reserved 1048576K
}
Event: 3599.597 GC heap before
{Heap before GC invocations=349 (full 339):
 garbage-first heap   total 78848K, used 25460K [0x00000000c0000000, 0x0000000100000000)
  region size 1024K, 1 young (1024K), 0 survivors (0K)
 Metaspace       used 41640K, committed 42176K, reserved 1114112K
  class space    used 5339K, committed 5568K, reserved 1048576K
}
Event: 3599.631 GC heap after
{Heap after GC invocations=350 (full 340):
 garbage-first heap   total 78848K, used 25460K [0x00000000c0000000, 0x0000000100000000)
  region size 1024K, 0 young (0K), 0 survivors (0K)
 Metaspace       used 41640K, committed 42176K, reserved 1114112K
  class space    used 5339K, committed 5568K, reserved 1048576K
}
Event: 3609.926 GC heap before
{Heap before GC invocations=350 (full 340):
 garbage-first heap   total 78848K, used 25460K [0x00000000c0000000, 0x0000000100000000)
  region size 1024K, 1 young (1024K), 0 survivors (0K)
 Metaspace       used 41640K, committed 42176K, reserved 1114112K
  class space    used 5339K, committed 5568K, reserved 1048576K
}
Event: 3609.959 GC heap after
{Heap after GC invocations=351 (full 341):
 garbage-first heap   total 78848K, used 25460K [0x00000000c0000000, 0x0000000100000000)
  region size 1024K, 0 young (0K), 0 survivors (0K)
 Metaspace       used 41640K, committed 42176K, reserved 1114112K
  class space    used 5339K, committed 5568K, reserved 1048576K
}
Event: 3620.185 GC heap before
{Heap before GC invocations=351 (full 341):
 garbage-first heap   total 78848K, used 25460K [0x00000000c0000000, 0x0000000100000000)
  region size 1024K, 1 young (1024K), 0 survivors (0K)
 Metaspace       used 41640K, committed 42176K, reserved 1114112K
  class space    used 5339K, committed 5568K, reserved 1048576K
}
Event: 3620.218 GC heap after
{Heap after GC invocations=352 (full 342):
 garbage-first heap   total 78848K, used 25460K [0x00000000c0000000, 0x0000000100000000)
  region size 1024K, 0 young (0K), 0 survivors (0K)
 Metaspace       used 41640K, committed 42176K, reserved 1114112K
  class space    used 5339K, committed 5568K, reserved 1048576K
}
Event: 3630.509 GC heap before
{Heap before GC invocations=352 (full 342):
 garbage-first heap   total 78848K, used 25460K [0x00000000c0000000, 0x0000000100000000)
  region size 1024K, 1 young (1024K), 0 survivors (0K)
 Metaspace       used 41640K, committed 42176K, reserved 1114112K
  class space    used 5339K, committed 5568K, reserved 1048576K
}
Event: 3630.543 GC heap after
{Heap after GC invocations=353 (full 343):
 garbage-first heap   total 78848K, used 25460K [0x00000000c0000000, 0x0000000100000000)
  region size 1024K, 0 young (0K), 0 survivors (0K)
 Metaspace       used 41640K, committed 42176K, reserved 1114112K
  class space    used 5339K, committed 5568K, reserved 1048576K
}
Event: 3641.003 GC heap before
{Heap before GC invocations=353 (full 343):
 garbage-first heap   total 78848K, used 25460K [0x00000000c0000000, 0x0000000100000000)
  region size 1024K, 1 young (1024K), 0 survivors (0K)
 Metaspace       used 41640K, committed 42176K, reserved 1114112K
  class space    used 5339K, committed 5568K, reserved 1048576K
}
Event: 3641.035 GC heap after
{Heap after GC invocations=354 (full 344):
 garbage-first heap   total 78848K, used 25460K [0x00000000c0000000, 0x0000000100000000)
  region size 1024K, 0 young (0K), 0 survivors (0K)
 Metaspace       used 41640K, committed 42176K, reserved 1114112K
  class space    used 5339K, committed 5568K, reserved 1048576K
}
Event: 3651.760 GC heap before
{Heap before GC invocations=354 (full 344):
 garbage-first heap   total 78848K, used 25460K [0x00000000c0000000, 0x0000000100000000)
  region size 1024K, 1 young (1024K), 0 survivors (0K)
 Metaspace       used 41640K, committed 42176K, reserved 1114112K
  class space    used 5339K, committed 5568K, reserved 1048576K
}
Event: 3651.791 GC heap after
{Heap after GC invocations=355 (full 345):
 garbage-first heap   total 78848K, used 25460K [0x00000000c0000000, 0x0000000100000000)
  region size 1024K, 0 young (0K), 0 survivors (0K)
 Metaspace       used 41640K, committed 42176K, reserved 1114112K
  class space    used 5339K, committed 5568K, reserved 1048576K
}
Event: 3662.071 GC heap before
{Heap before GC invocations=355 (full 345):
 garbage-first heap   total 78848K, used 25460K [0x00000000c0000000, 0x0000000100000000)
  region size 1024K, 1 young (1024K), 0 survivors (0K)
 Metaspace       used 41640K, committed 42176K, reserved 1114112K
  class space    used 5339K, committed 5568K, reserved 1048576K
}
Event: 3662.104 GC heap after
{Heap after GC invocations=356 (full 346):
 garbage-first heap   total 78848K, used 25460K [0x00000000c0000000, 0x0000000100000000)
  region size 1024K, 0 young (0K), 0 survivors (0K)
 Metaspace       used 41640K, committed 42176K, reserved 1114112K
  class space    used 5339K, committed 5568K, reserved 1048576K
}
Event: 3672.606 GC heap before
{Heap before GC invocations=356 (full 346):
 garbage-first heap   total 78848K, used 25460K [0x00000000c0000000, 0x0000000100000000)
  region size 1024K, 1 young (1024K), 0 survivors (0K)
 Metaspace       used 41640K, committed 42176K, reserved 1114112K
  class space    used 5339K, committed 5568K, reserved 1048576K
}
Event: 3672.639 GC heap after
{Heap after GC invocations=357 (full 347):
 garbage-first heap   total 78848K, used 25460K [0x00000000c0000000, 0x0000000100000000)
  region size 1024K, 0 young (0K), 0 survivors (0K)
 Metaspace       used 41640K, committed 42176K, reserved 1114112K
  class space    used 5339K, committed 5568K, reserved 1048576K
}

