# JRE version: OpenJDK Runtime Environment Temurin-17.0.12+7 (17.0.12+7) (build 17.0.12+7)
# Java VM: OpenJDK 64-Bit Server VM Temurin-17.0.12+7 (17.0.12+7, mixed mode, emulated-client, tiered, compressed oops, compressed class ptrs, g1 gc, windows-amd64)
GC Precious Log:
 CPUs: 4 total, 4 available
 Memory: 16264M
 Large Page Support: Disabled
 NUMA Support: Disabled
 Compressed Oops: Enabled (32-bit)
 Heap Region Size: 1M
 Heap Min Capacity: 8M
 Heap Initial Capacity: 256M
 Heap Max Capacity: 1G
 Pre-touch: Disabled
 Parallel Workers: 4
 Concurrent Workers: 1
 Concurrent Refinement Workers: 4
 Periodic GC: Disabled
Heap:
 garbage-first heap   total 75776K, used 25253K [0x00000000c0000000, 0x0000000100000000)
  region size 1024K, 1 young (1024K), 0 survivors (0K)
 Metaspace       used 40938K, committed 41472K, reserved 1114112K
  class space    used 5231K, committed 5440K, reserved 1048576K
GC Heap History (20 events):
Event: 9253.978 GC heap after
{Heap after GC invocations=688 (full 678):
 garbage-first heap   total 75776K, used 25253K [0x00000000c0000000, 0x0000000100000000)
  region size 1024K, 0 young (0K), 0 survivors (0K)
 Metaspace       used 40938K, committed 41472K, reserved 1114112K
  class space    used 5231K, committed 5440K, reserved 1048576K
}
Event: 9266.533 GC heap before
{Heap before GC invocations=688 (full 678):
 garbage-first heap   total 75776K, used 25253K [0x00000000c0000000, 0x0000000100000000)
  region size 1024K, 1 young (1024K), 0 survivors (0K)
 Metaspace       used 40938K, committed 41472K, reserved 1114112K
  class space    used 5231K, committed 5440K, reserved 1048576K
}
Event: 9266.571 GC heap after
{Heap after GC invocations=689 (full 679):
 garbage-first heap   total 75776K, used 25253K [0x00000000c0000000, 0x0000000100000000)
  region size 1024K, 0 young (0K), 0 survivors (0K)
 Metaspace       used 40938K, committed 41472K, reserved 1114112K
  class space    used 5231K, committed 5440K, reserved 1048576K
}
Event: 9277.722 GC heap before
{Heap before GC invocations=689 (full 679):
 garbage-first heap   total 75776K, used 25253K [0x00000000c0000000, 0x0000000100000000)
  region size 1024K, 1 young (1024K), 0 survivors (0K)
 Metaspace       used 40938K, committed 41472K, reserved 1114112K
  class space    used 5231K, committed 5440K, reserved 1048576K
}
Event: 9277.762 GC heap after
{Heap after GC invocations=690 (full 680):
 garbage-first heap   total 75776K, used 25253K [0x00000000c0000000, 0x0000000100000000)
  region size 1024K, 0 young (0K), 0 survivors (0K)
 Metaspace       used 40938K, committed 41472K, reserved 1114112K
  class space    used 5231K, committed 5440K, reserved 1048576K
}
Event: 9288.144 GC heap before
{Heap before GC invocations=690 (full 680):
 garbage-first heap   total 75776K, used 25253K [0x00000000c0000000, 0x0000000100000000)
  region size 1024K, 1 young (1024K), 0 survivors (0K)
 Metaspace       used 40938K, committed 41472K, reserved 1114112K
  class space    used 5231K, committed 5440K, reserved 1048576K
}
Event: 9288.174 GC heap after
{Heap after GC invocations=691 (full 681):
 garbage-first heap   total 75776K, used 25253K [0x00000000c0000000, 0x0000000100000000)
  region size 1024K, 0 young (0K), 0 survivors (0K)
 Metaspace       used 40938K, committed 41472K, reserved 1114112K
  class space    used 5231K, committed 5440K, reserved 1048576K
}
Event: 9301.117 GC heap before
{Heap before GC invocations=691 (full 681):
 garbage-first heap   total 75776K, used 25253K [0x00000000c0000000, 0x0000000100000000)
  region size 1024K, 1 young (1024K), 0 survivors (0K)
 Metaspace       used 40938K, committed 41472K, reserved 1114112K
  class space    used 5231K, committed 5440K, reserved 1048576K
}
Event: 9301.156 GC heap after
{Heap after GC invocations=692 (full 682):
 garbage-first heap   total 75776K, used 25253K [0x00000000c0000000, 0x0000000100000000)
  region size 1024K, 0 young (0K), 0 survivors (0K)
 Metaspace       used 40938K, committed 41472K, reserved 1114112K
  class space    used 5231K, committed 5440K, reserved 1048576K
}
Event: 9312.329 GC heap before
{Heap before GC invocations=692 (full 682):
 garbage-first heap   total 75776K, used 25253K [0x00000000c0000000, 0x0000000100000000)
  region size 1024K, 1 young (1024K), 0 survivors (0K)
 Metaspace       used 40938K, committed 41472K, reserved 1114112K
  class space    used 5231K, committed 5440K, reserved 1048576K
}
Event: 9312.367 GC heap after
{Heap after GC invocations=693 (full 683):
 garbage-first heap   total 75776K, used 25253K [0x00000000c0000000, 0x0000000100000000)
  region size 1024K, 0 young (0K), 0 survivors (0K)
 Metaspace       used 40938K, committed 41472K, reserved 1114112K
  class space    used 5231K, committed 5440K, reserved 1048576K
}
Event: 9323.480 GC heap before
{Heap before GC invocations=693 (full 683):
 garbage-first heap   total 75776K, used 25253K [0x00000000c0000000, 0x0000000100000000)
  region size 1024K, 1 young (1024K), 0 survivors (0K)
 Metaspace       used 40938K, committed 41472K, reserved 1114112K
  class space    used 5231K, committed 5440K, reserved 1048576K
}
Event: 9323.516 GC heap after
{Heap after GC invocations=694 (full 684):
 garbage-first heap   total 75776K, used 25253K [0x00000000c0000000, 0x0000000100000000)
  region size 1024K, 0 young (0K), 0 survivors (0K)
 Metaspace       used 40938K, committed 41472K, reserved 1114112K
  class space    used 5231K, committed 5440K, reserved 1048576K
}
Event: 9336.898 GC heap before
{Heap before GC invocations=694 (full 684):
 garbage-first heap   total 75776K, used 25253K [0x00000000c0000000, 0x0000000100000000)
  region size 1024K, 1 young (1024K), 0 survivors (0K)
 Metaspace       used 40938K, committed 41472K, reserved 1114112K
  class space    used 5231K, committed 5440K, reserved 1048576K
}
Event: 9336.934 GC heap after
{Heap after GC invocations=695 (full 685):
 garbage-first heap   total 75776K, used 25253K [0x00000000c0000000, 0x0000000100000000)
  region size 1024K, 0 young (0K), 0 survivors (0K)
 Metaspace       used 40938K, committed 41472K, reserved 1114112K
  class space    used 5231K, committed 5440K, reserved 1048576K
}
Event: 9347.423 GC heap before
{Heap before GC invocations=695 (full 685):
 garbage-first heap   total 75776K, used 25253K [0x00000000c0000000, 0x0000000100000000)
  region size 1024K, 1 young (1024K), 0 survivors (0K)
 Metaspace       used 40938K, committed 41472K, reserved 1114112K
  class space    used 5231K, committed 5440K, reserved 1048576K
}
Event: 9347.457 GC heap after
{Heap after GC invocations=696 (full 686):
 garbage-first heap   total 75776K, used 25253K [0x00000000c0000000, 0x0000000100000000)
  region size 1024K, 0 young (0K), 0 survivors (0K)
 Metaspace       used 40938K, committed 41472K, reserved 1114112K
  class space    used 5231K, committed 5440K, reserved 1048576K
}
Event: 9358.433 GC heap before
{Heap before GC invocations=696 (full 686):
 garbage-first heap   total 75776K, used 25253K [0x00000000c0000000, 0x0000000100000000)
  region size 1024K, 1 young (1024K), 0 survivors (0K)
 Metaspace       used 40938K, committed 41472K, reserved 1114112K
  class space    used 5231K, committed 5440K, reserved 1048576K
}
Event: 9358.467 GC heap after
{Heap after GC invocations=697 (full 687):
 garbage-first heap   total 75776K, used 25253K [0x00000000c0000000, 0x0000000100000000)
  region size 1024K, 0 young (0K), 0 survivors (0K)
 Metaspace       used 40938K, committed 41472K, reserved 1114112K
  class space    used 5231K, committed 5440K, reserved 1048576K
}
Event: 9368.722 GC heap before
{Heap before GC invocations=697 (full 687):
 garbage-first heap   total 75776K, used 25253K [0x00000000c0000000, 0x0000000100000000)
  region size 1024K, 1 young (1024K), 0 survivors (0K)
 Metaspace       used 40938K, committed 41472K, reserved 1114112K
  class space    used 5231K, committed 5440K, reserved 1048576K
}

