# JRE version: Java(TM) SE Runtime Environment (22.0.1+8) (build 22.0.1+8-16)
# Java VM: Java HotSpot(TM) 64-Bit Server VM (22.0.1+8-16, mixed mode, sharing, tiered, compressed oops, compressed class ptrs, g1 gc, windows-amd64)
GC Precious Log:
 CardTable entry size: 512
 Card Set container configuration: InlinePtr #cards 5 size 8 Array Of Cards #cards 12 size 40 Howl #buckets 4 coarsen threshold 1843 Howl Bitmap #cards 512 size 80 coarsen threshold 460 Card regions per heap region 1 cards per card region 2048
 CPUs: 12 total, 12 available
 Memory: 7954M
 Large Page Support: Disabled
 NUMA Support: Disabled
 Compressed Oops: Enabled (32-bit)
 Heap Region Size: 1M
 Heap Min Capacity: 8M
 Heap Initial Capacity: 126M
 Heap Max Capacity: 1990M
 Pre-touch: Disabled
 Parallel Workers: 10
 Concurrent Workers: 3
 Concurrent Refinement Workers: 10
 Periodic GC: Disabled
Heap:
 garbage-first heap   total reserved 2037760K, committed 88064K, used 40034K [0x0000000083a00000, 0x0000000100000000)
  region size 1024K, 6 young (6144K), 1 survivors (1024K)
 Metaspace       used 81592K, committed 82368K, reserved 1179648K
  class space    used 10812K, committed 11136K, reserved 1048576K
GC Heap History (20 events):
Event: 1881.896 GC heap before
{Heap before GC invocations=250 (full 0):
 garbage-first heap   total reserved 2037760K, committed 88064K, used 79940K [0x0000000083a00000, 0x0000000100000000)
  region size 1024K, 44 young (45056K), 1 survivors (1024K)
 Metaspace       used 81592K, committed 82368K, reserved 1179648K
  class space    used 10812K, committed 11136K, reserved 1048576K
}
Event: 1881.897 GC heap after
{Heap after GC invocations=251 (full 0):
 garbage-first heap   total reserved 2037760K, committed 88064K, used 36998K [0x0000000083a00000, 0x0000000100000000)
  region size 1024K, 1 young (1024K), 1 survivors (1024K)
 Metaspace       used 81592K, committed 82368K, reserved 1179648K
  class space    used 10812K, committed 11136K, reserved 1048576K
}
Event: 1882.495 GC heap before
{Heap before GC invocations=251 (full 0):
 garbage-first heap   total reserved 2037760K, committed 88064K, used 80006K [0x0000000083a00000, 0x0000000100000000)
  region size 1024K, 44 young (45056K), 1 survivors (1024K)
 Metaspace       used 81592K, committed 82368K, reserved 1179648K
  class space    used 10812K, committed 11136K, reserved 1048576K
}
Event: 1882.496 GC heap after
{Heap after GC invocations=252 (full 0):
 garbage-first heap   total reserved 2037760K, committed 88064K, used 36907K [0x0000000083a00000, 0x0000000100000000)
  region size 1024K, 1 young (1024K), 1 survivors (1024K)
 Metaspace       used 81592K, committed 82368K, reserved 1179648K
  class space    used 10812K, committed 11136K, reserved 1048576K
}
Event: 1883.155 GC heap before
{Heap before GC invocations=253 (full 0):
 garbage-first heap   total reserved 2037760K, committed 88064K, used 79915K [0x0000000083a00000, 0x0000000100000000)
  region size 1024K, 44 young (45056K), 1 survivors (1024K)
 Metaspace       used 81592K, committed 82368K, reserved 1179648K
  class space    used 10812K, committed 11136K, reserved 1048576K
}
Event: 1883.156 GC heap after
{Heap after GC invocations=254 (full 0):
 garbage-first heap   total reserved 2037760K, committed 88064K, used 36941K [0x0000000083a00000, 0x0000000100000000)
  region size 1024K, 1 young (1024K), 1 survivors (1024K)
 Metaspace       used 81592K, committed 82368K, reserved 1179648K
  class space    used 10812K, committed 11136K, reserved 1048576K
}
Event: 1883.885 GC heap before
{Heap before GC invocations=254 (full 0):
 garbage-first heap   total reserved 2037760K, committed 88064K, used 79949K [0x0000000083a00000, 0x0000000100000000)
  region size 1024K, 44 young (45056K), 1 survivors (1024K)
 Metaspace       used 81592K, committed 82368K, reserved 1179648K
  class space    used 10812K, committed 11136K, reserved 1048576K
}
Event: 1883.886 GC heap after
{Heap after GC invocations=255 (full 0):
 garbage-first heap   total reserved 2037760K, committed 88064K, used 36919K [0x0000000083a00000, 0x0000000100000000)
  region size 1024K, 1 young (1024K), 1 survivors (1024K)
 Metaspace       used 81592K, committed 82368K, reserved 1179648K
  class space    used 10812K, committed 11136K, reserved 1048576K
}
Event: 1884.598 GC heap before
{Heap before GC invocations=256 (full 0):
 garbage-first heap   total reserved 2037760K, committed 88064K, used 79927K [0x0000000083a00000, 0x0000000100000000)
  region size 1024K, 44 young (45056K), 1 survivors (1024K)
 Metaspace       used 81592K, committed 82368K, reserved 1179648K
  class space    used 10812K, committed 11136K, reserved 1048576K
}
Event: 1884.599 GC heap after
{Heap after GC invocations=257 (full 0):
 garbage-first heap   total reserved 2037760K, committed 88064K, used 36949K [0x0000000083a00000, 0x0000000100000000)
  region size 1024K, 1 young (1024K), 1 survivors (1024K)
 Metaspace       used 81592K, committed 82368K, reserved 1179648K
  class space    used 10812K, committed 11136K, reserved 1048576K
}
Event: 1885.284 GC heap before
{Heap before GC invocations=257 (full 0):
 garbage-first heap   total reserved 2037760K, committed 88064K, used 79957K [0x0000000083a00000, 0x0000000100000000)
  region size 1024K, 44 young (45056K), 1 survivors (1024K)
 Metaspace       used 81592K, committed 82368K, reserved 1179648K
  class space    used 10812K, committed 11136K, reserved 1048576K
}
Event: 1885.285 GC heap after
{Heap after GC invocations=258 (full 0):
 garbage-first heap   total reserved 2037760K, committed 88064K, used 36957K [0x0000000083a00000, 0x0000000100000000)
  region size 1024K, 1 young (1024K), 1 survivors (1024K)
 Metaspace       used 81592K, committed 82368K, reserved 1179648K
  class space    used 10812K, committed 11136K, reserved 1048576K
}
Event: 1885.991 GC heap before
{Heap before GC invocations=259 (full 0):
 garbage-first heap   total reserved 2037760K, committed 88064K, used 79965K [0x0000000083a00000, 0x0000000100000000)
  region size 1024K, 44 young (45056K), 1 survivors (1024K)
 Metaspace       used 81592K, committed 82368K, reserved 1179648K
  class space    used 10812K, committed 11136K, reserved 1048576K
}
Event: 1885.993 GC heap after
{Heap after GC invocations=260 (full 0):
 garbage-first heap   total reserved 2037760K, committed 88064K, used 36952K [0x0000000083a00000, 0x0000000100000000)
  region size 1024K, 1 young (1024K), 1 survivors (1024K)
 Metaspace       used 81592K, committed 82368K, reserved 1179648K
  class space    used 10812K, committed 11136K, reserved 1048576K
}
Event: 1886.678 GC heap before
{Heap before GC invocations=260 (full 0):
 garbage-first heap   total reserved 2037760K, committed 88064K, used 79960K [0x0000000083a00000, 0x0000000100000000)
  region size 1024K, 44 young (45056K), 1 survivors (1024K)
 Metaspace       used 81592K, committed 82368K, reserved 1179648K
  class space    used 10812K, committed 11136K, reserved 1048576K
}
Event: 1886.679 GC heap after
{Heap after GC invocations=261 (full 0):
 garbage-first heap   total reserved 2037760K, committed 88064K, used 36941K [0x0000000083a00000, 0x0000000100000000)
  region size 1024K, 1 young (1024K), 1 survivors (1024K)
 Metaspace       used 81592K, committed 82368K, reserved 1179648K
  class space    used 10812K, committed 11136K, reserved 1048576K
}
Event: 1887.454 GC heap before
{Heap before GC invocations=262 (full 0):
 garbage-first heap   total reserved 2037760K, committed 88064K, used 79949K [0x0000000083a00000, 0x0000000100000000)
  region size 1024K, 44 young (45056K), 1 survivors (1024K)
 Metaspace       used 81592K, committed 82368K, reserved 1179648K
  class space    used 10812K, committed 11136K, reserved 1048576K
}
Event: 1887.455 GC heap after
{Heap after GC invocations=263 (full 0):
 garbage-first heap   total reserved 2037760K, committed 88064K, used 36952K [0x0000000083a00000, 0x0000000100000000)
  region size 1024K, 1 young (1024K), 1 survivors (1024K)
 Metaspace       used 81592K, committed 82368K, reserved 1179648K
  class space    used 10812K, committed 11136K, reserved 1048576K
}
Event: 1888.142 GC heap before
{Heap before GC invocations=263 (full 0):
 garbage-first heap   total reserved 2037760K, committed 88064K, used 79960K [0x0000000083a00000, 0x0000000100000000)
  region size 1024K, 44 young (45056K), 1 survivors (1024K)
 Metaspace       used 81592K, committed 82368K, reserved 1179648K
  class space    used 10812K, committed 11136K, reserved 1048576K
}
Event: 1888.143 GC heap after
{Heap after GC invocations=264 (full 0):
 garbage-first heap   total reserved 2037760K, committed 88064K, used 36934K [0x0000000083a00000, 0x0000000100000000)
  region size 1024K, 1 young (1024K), 1 survivors (1024K)
 Metaspace       used 81592K, committed 82368K, reserved 1179648K
  class space    used 10812K, committed 11136K, reserved 1048576K
}

